Started GET "/" for 127.0.0.1 at 2018-08-16 20:54:22 -0400
Processing by Rails::WelcomeController#index as HTML
  Rendering /Library/Ruby/Gems/2.3.0/gems/railties-5.1.6/lib/rails/templates/rails/welcome/index.html.erb
  Rendered /Library/Ruby/Gems/2.3.0/gems/railties-5.1.6/lib/rails/templates/rails/welcome/index.html.erb (4.9ms)
Completed 200 OK in 235ms (Views: 11.2ms)


Started GET "/categories" for 127.0.0.1 at 2018-08-16 20:57:39 -0400
  
ActiveRecord::PendingMigrationError (

Migrations are pending. To resolve this issue, run:

        bin/rails db:migrate RAILS_ENV=development

):
  
activerecord (5.1.6) lib/active_record/migration.rb:576:in `check_pending!'
activerecord (5.1.6) lib/active_record/migration.rb:553:in `call'
actionpack (5.1.6) lib/action_dispatch/middleware/callbacks.rb:26:in `block in call'
activesupport (5.1.6) lib/active_support/callbacks.rb:97:in `run_callbacks'
actionpack (5.1.6) lib/action_dispatch/middleware/callbacks.rb:24:in `call'
actionpack (5.1.6) lib/action_dispatch/middleware/executor.rb:12:in `call'
actionpack (5.1.6) lib/action_dispatch/middleware/debug_exceptions.rb:59:in `call'
web-console (3.6.2) lib/web_console/middleware.rb:135:in `call_app'
web-console (3.6.2) lib/web_console/middleware.rb:30:in `block in call'
web-console (3.6.2) lib/web_console/middleware.rb:20:in `catch'
web-console (3.6.2) lib/web_console/middleware.rb:20:in `call'
actionpack (5.1.6) lib/action_dispatch/middleware/show_exceptions.rb:31:in `call'
railties (5.1.6) lib/rails/rack/logger.rb:36:in `call_app'
railties (5.1.6) lib/rails/rack/logger.rb:24:in `block in call'
activesupport (5.1.6) lib/active_support/tagged_logging.rb:69:in `block in tagged'
activesupport (5.1.6) lib/active_support/tagged_logging.rb:26:in `tagged'
activesupport (5.1.6) lib/active_support/tagged_logging.rb:69:in `tagged'
railties (5.1.6) lib/rails/rack/logger.rb:24:in `call'
sprockets-rails (3.2.1) lib/sprockets/rails/quiet_assets.rb:13:in `call'
actionpack (5.1.6) lib/action_dispatch/middleware/remote_ip.rb:79:in `call'
actionpack (5.1.6) lib/action_dispatch/middleware/request_id.rb:25:in `call'
rack (2.0.5) lib/rack/method_override.rb:22:in `call'
rack (2.0.5) lib/rack/runtime.rb:22:in `call'
activesupport (5.1.6) lib/active_support/cache/strategy/local_cache_middleware.rb:27:in `call'
actionpack (5.1.6) lib/action_dispatch/middleware/executor.rb:12:in `call'
actionpack (5.1.6) lib/action_dispatch/middleware/static.rb:125:in `call'
rack (2.0.5) lib/rack/sendfile.rb:111:in `call'
railties (5.1.6) lib/rails/engine.rb:522:in `call'
puma (3.12.0) lib/puma/configuration.rb:225:in `call'
puma (3.12.0) lib/puma/server.rb:658:in `handle_request'
puma (3.12.0) lib/puma/server.rb:472:in `process_client'
puma (3.12.0) lib/puma/server.rb:332:in `block in run'
puma (3.12.0) lib/puma/thread_pool.rb:133:in `block in spawn_thread'
  [1m[35m (0.5ms)[0m  [1m[34mSELECT sqlite_version(*)[0m
  [1m[35m (1.9ms)[0m  [1m[35mCREATE TABLE "schema_migrations" ("version" varchar NOT NULL PRIMARY KEY)[0m
  [1m[35m (1.2ms)[0m  [1m[35mCREATE TABLE "ar_internal_metadata" ("key" varchar NOT NULL PRIMARY KEY, "value" varchar, "created_at" datetime NOT NULL, "updated_at" datetime NOT NULL)[0m
  [1m[35m (0.3ms)[0m  [1m[34mSELECT "schema_migrations"."version" FROM "schema_migrations" ORDER BY "schema_migrations"."version" ASC[0m
Migrating to CreateCategories (20180817005632)
  [1m[35m (0.1ms)[0m  [1m[36mbegin transaction[0m
  [1m[35m (0.4ms)[0m  [1m[35mCREATE TABLE "categories" ("id" INTEGER PRIMARY KEY AUTOINCREMENT NOT NULL, "title" varchar, "created_at" datetime NOT NULL, "updated_at" datetime NOT NULL)[0m
  [1m[35mSQL (0.2ms)[0m  [1m[32mINSERT INTO "schema_migrations" ("version") VALUES (?)[0m  [["version", "20180817005632"]]
  [1m[35m (1.2ms)[0m  [1m[36mcommit transaction[0m
Migrating to CreateProducts (20180817005713)
  [1m[35m (0.1ms)[0m  [1m[36mbegin transaction[0m
  [1m[35m (0.0ms)[0m  [1m[31mrollback transaction[0m
  [1m[35m (0.5ms)[0m  [1m[34mSELECT "schema_migrations"."version" FROM "schema_migrations" ORDER BY "schema_migrations"."version" ASC[0m
Migrating to CreateProducts (20180817010042)
  [1m[35m (0.1ms)[0m  [1m[36mbegin transaction[0m
  [1m[35m (0.1ms)[0m  [1m[31mrollback transaction[0m
  [1m[35m (0.5ms)[0m  [1m[34mSELECT "schema_migrations"."version" FROM "schema_migrations" ORDER BY "schema_migrations"."version" ASC[0m
Migrating to CreateProducts (20180817010058)
  [1m[35m (0.1ms)[0m  [1m[36mbegin transaction[0m
  [1m[35m (0.1ms)[0m  [1m[34mSELECT sqlite_version(*)[0m
  [1m[35m (0.4ms)[0m  [1m[35mCREATE TABLE "products" ("id" INTEGER PRIMARY KEY AUTOINCREMENT NOT NULL, "name" varchar, "category_id" varchar, "prices" varchar, "created_at" datetime NOT NULL, "updated_at" datetime NOT NULL)[0m
  [1m[35mSQL (0.4ms)[0m  [1m[32mINSERT INTO "schema_migrations" ("version") VALUES (?)[0m  [["version", "20180817010058"]]
  [1m[35m (1.1ms)[0m  [1m[36mcommit transaction[0m
  [1m[36mActiveRecord::InternalMetadata Load (0.6ms)[0m  [1m[34mSELECT  "ar_internal_metadata".* FROM "ar_internal_metadata" WHERE "ar_internal_metadata"."key" = ? LIMIT ?[0m  [["key", "environment"], ["LIMIT", 1]]
  [1m[35m (0.1ms)[0m  [1m[36mbegin transaction[0m
  [1m[35mSQL (0.8ms)[0m  [1m[32mINSERT INTO "ar_internal_metadata" ("key", "value", "created_at", "updated_at") VALUES (?, ?, ?, ?)[0m  [["key", "environment"], ["value", "development"], ["created_at", "2018-08-17 01:01:03.468320"], ["updated_at", "2018-08-17 01:01:03.468320"]]
  [1m[35m (1.0ms)[0m  [1m[36mcommit transaction[0m
  [1m[35m (0.1ms)[0m  [1m[34mSELECT "schema_migrations"."version" FROM "schema_migrations" ORDER BY "schema_migrations"."version" ASC[0m
Started GET "/categories" for 127.0.0.1 at 2018-08-16 21:01:16 -0400
  [1m[35m (0.6ms)[0m  [1m[34mSELECT "schema_migrations"."version" FROM "schema_migrations" ORDER BY "schema_migrations"."version" ASC[0m
Processing by CategoriesController#index as HTML
  Rendering categories/index.html.erb within layouts/application
  [1m[36mCategory Load (0.5ms)[0m  [1m[34mSELECT "categories".* FROM "categories"[0m
  Rendered categories/index.html.erb within layouts/application (6.4ms)
Completed 200 OK in 1096ms (Views: 1058.1ms | ActiveRecord: 1.0ms)


Started GET "/categories" for 127.0.0.1 at 2018-08-16 21:04:43 -0400
  [1m[35m (0.5ms)[0m  [1m[34mSELECT "schema_migrations"."version" FROM "schema_migrations" ORDER BY "schema_migrations"."version" ASC[0m
Processing by CategoriesController#index as HTML
  Rendering categories/index.html.erb within layouts/application
  [1m[36mCategory Load (0.4ms)[0m  [1m[34mSELECT "categories".* FROM "categories"[0m
  Rendered categories/index.html.erb within layouts/application (5.4ms)
Completed 500 Internal Server Error in 273ms (ActiveRecord: 1.0ms)


  
ActionView::Template::Error (Invalid CSS after "@import ": expected file to import (string or url()), was "‘bootstrap’;"):
    4:     <title>Shepherdshutmarket</title>
    5:     <%= csrf_meta_tags %>
    6: 
    7:     <%= stylesheet_link_tag    'application', media: 'all', 'data-turbolinks-track': 'reload' %>
    8:     <%= javascript_include_tag 'application', 'data-turbolinks-track': 'reload' %>
    9:   </head>
   10: 
  
app/assets/stylesheets/application.scss:16
app/views/layouts/application.html.erb:7:in `_app_views_layouts_application_html_erb___519764308606398198_70185025011520'
Started GET "/categories" for 127.0.0.1 at 2018-08-16 21:05:28 -0400
  [1m[35m (0.5ms)[0m  [1m[34mSELECT "schema_migrations"."version" FROM "schema_migrations" ORDER BY "schema_migrations"."version" ASC[0m
Processing by CategoriesController#index as HTML
  Rendering categories/index.html.erb within layouts/application
  [1m[36mCategory Load (0.5ms)[0m  [1m[34mSELECT "categories".* FROM "categories"[0m
  Rendered categories/index.html.erb within layouts/application (5.4ms)
Completed 500 Internal Server Error in 280ms (ActiveRecord: 1.3ms)


  
ActionView::Template::Error (Invalid CSS after "@import ": expected file to import (string or url()), was "‘bootstrap’"):
    4:     <title>Shepherdshutmarket</title>
    5:     <%= csrf_meta_tags %>
    6: 
    7:     <%= stylesheet_link_tag    'application', media: 'all', 'data-turbolinks-track': 'reload' %>
    8:     <%= javascript_include_tag 'application', 'data-turbolinks-track': 'reload' %>
    9:   </head>
   10: 
  
app/assets/stylesheets/application.scss:16
app/views/layouts/application.html.erb:7:in `_app_views_layouts_application_html_erb___919262475324679064_70096023622880'
Started GET "/categories" for 127.0.0.1 at 2018-08-16 21:06:10 -0400
  [1m[35m (0.6ms)[0m  [1m[34mSELECT "schema_migrations"."version" FROM "schema_migrations" ORDER BY "schema_migrations"."version" ASC[0m
Processing by CategoriesController#index as HTML
  Rendering categories/index.html.erb within layouts/application
  [1m[36mCategory Load (0.6ms)[0m  [1m[34mSELECT "categories".* FROM "categories"[0m
  Rendered categories/index.html.erb within layouts/application (5.7ms)
Completed 500 Internal Server Error in 4595ms (ActiveRecord: 1.2ms)


  
ActionView::Template::Error (Autoprefixer doesn’t support Node v5.9.1. Update it.):
    4:     <title>Shepherdshutmarket</title>
    5:     <%= csrf_meta_tags %>
    6: 
    7:     <%= stylesheet_link_tag    'application', media: 'all', 'data-turbolinks-track': 'reload' %>
    8:     <%= javascript_include_tag 'application', 'data-turbolinks-track': 'reload' %>
    9:   </head>
   10: 
  
app/views/layouts/application.html.erb:7:in `_app_views_layouts_application_html_erb__2192804619035956441_70245373631020'
Started GET "/categories" for 127.0.0.1 at 2018-08-16 21:10:35 -0400
  [1m[35m (0.5ms)[0m  [1m[34mSELECT "schema_migrations"."version" FROM "schema_migrations" ORDER BY "schema_migrations"."version" ASC[0m
Processing by CategoriesController#index as HTML
  Rendering categories/index.html.erb within layouts/application
  [1m[36mCategory Load (0.5ms)[0m  [1m[34mSELECT "categories".* FROM "categories"[0m
  Rendered categories/index.html.erb within layouts/application (4.6ms)
Completed 500 Internal Server Error in 2746ms (ActiveRecord: 0.8ms)


  
ActionView::Template::Error (Autoprefixer doesn’t support Node v5.9.1. Update it.):
    4:     <title>Shepherdshutmarket</title>
    5:     <%= csrf_meta_tags %>
    6: 
    7:     <%= stylesheet_link_tag    'application', media: 'all', 'data-turbolinks-track': 'reload' %>
    8:     <%= javascript_include_tag 'application', 'data-turbolinks-track': 'reload' %>
    9:   </head>
   10: 
  
app/views/layouts/application.html.erb:7:in `_app_views_layouts_application_html_erb___3117044431037070842_70354172321280'
Started GET "/categories" for 127.0.0.1 at 2018-08-16 21:12:22 -0400
  [1m[35m (1.0ms)[0m  [1m[34mSELECT "schema_migrations"."version" FROM "schema_migrations" ORDER BY "schema_migrations"."version" ASC[0m
Processing by CategoriesController#index as HTML
  Rendering categories/index.html.erb within layouts/application
  [1m[36mCategory Load (0.5ms)[0m  [1m[34mSELECT "categories".* FROM "categories"[0m
  Rendered categories/index.html.erb within layouts/application (4.8ms)
Completed 500 Internal Server Error in 2909ms (ActiveRecord: 0.8ms)


  
ActionView::Template::Error (Autoprefixer doesn’t support Node v5.9.1. Update it.):
    4:     <title>Shepherdshutmarket</title>
    5:     <%= csrf_meta_tags %>
    6: 
    7:     <%= stylesheet_link_tag    'application', media: 'all', 'data-turbolinks-track': 'reload' %>
    8:     <%= javascript_include_tag 'application', 'data-turbolinks-track': 'reload' %>
    9:   </head>
   10: 
  
app/views/layouts/application.html.erb:7:in `_app_views_layouts_application_html_erb__1664170059588782058_70106123488620'
Started GET "/categories" for 127.0.0.1 at 2018-08-16 21:15:33 -0400
  [1m[35m (0.6ms)[0m  [1m[34mSELECT "schema_migrations"."version" FROM "schema_migrations" ORDER BY "schema_migrations"."version" ASC[0m
Processing by CategoriesController#index as HTML
  Rendering categories/index.html.erb within layouts/application
  [1m[36mCategory Load (0.9ms)[0m  [1m[34mSELECT "categories".* FROM "categories"[0m
  Rendered categories/index.html.erb within layouts/application (5.1ms)
Completed 200 OK in 5721ms (Views: 5684.9ms | ActiveRecord: 1.2ms)


Started GET "/categories/new" for 127.0.0.1 at 2018-08-16 21:15:45 -0400
Processing by CategoriesController#new as HTML
  Rendering categories/new.html.erb within layouts/application
  Rendered categories/_form.html.erb (36.7ms)
  Rendered categories/new.html.erb within layouts/application (43.4ms)
Completed 200 OK in 208ms (Views: 187.9ms | ActiveRecord: 0.6ms)


Started POST "/categories" for 127.0.0.1 at 2018-08-16 21:15:48 -0400
Processing by CategoriesController#create as HTML
  Parameters: {"utf8"=>"✓", "authenticity_token"=>"ac6euBtIrcPYa7lOoreWizjeCtGaBuTT/EzSECD3SeEup+wuuf2mp29zr+gDj42CZyRSMihLjHswmg4ilw8qsw==", "category"=>{"title"=>"Eggs"}, "commit"=>"Create Category"}
  [1m[35m (0.1ms)[0m  [1m[36mbegin transaction[0m
  [1m[35mSQL (1.2ms)[0m  [1m[32mINSERT INTO "categories" ("title", "created_at", "updated_at") VALUES (?, ?, ?)[0m  [["title", "Eggs"], ["created_at", "2018-08-17 01:15:48.827897"], ["updated_at", "2018-08-17 01:15:48.827897"]]
  [1m[35m (1.6ms)[0m  [1m[36mcommit transaction[0m
Redirected to http://127.0.0.1:3000/categories/1
Completed 302 Found in 9ms (ActiveRecord: 2.9ms)


Started GET "/categories/1" for 127.0.0.1 at 2018-08-16 21:15:48 -0400
Processing by CategoriesController#show as HTML
  Parameters: {"id"=>"1"}
  [1m[36mCategory Load (0.3ms)[0m  [1m[34mSELECT  "categories".* FROM "categories" WHERE "categories"."id" = ? LIMIT ?[0m  [["id", 1], ["LIMIT", 1]]
  Rendering categories/show.html.erb within layouts/application
  Rendered categories/show.html.erb within layouts/application (1.1ms)
Completed 200 OK in 82ms (Views: 71.3ms | ActiveRecord: 0.3ms)


Started GET "/categories" for 127.0.0.1 at 2018-08-16 21:15:50 -0400
Processing by CategoriesController#index as HTML
  Rendering categories/index.html.erb within layouts/application
  [1m[36mCategory Load (0.3ms)[0m  [1m[34mSELECT "categories".* FROM "categories"[0m
  Rendered categories/index.html.erb within layouts/application (8.0ms)
Completed 200 OK in 156ms (Views: 152.1ms | ActiveRecord: 0.3ms)


Started GET "/categories/new" for 127.0.0.1 at 2018-08-16 21:15:53 -0400
Processing by CategoriesController#new as HTML
  Rendering categories/new.html.erb within layouts/application
  Rendered categories/_form.html.erb (20.5ms)
  Rendered categories/new.html.erb within layouts/application (39.2ms)
Completed 200 OK in 141ms (Views: 138.2ms | ActiveRecord: 0.0ms)


Started POST "/categories" for 127.0.0.1 at 2018-08-16 21:15:56 -0400
Processing by CategoriesController#create as HTML
  Parameters: {"utf8"=>"✓", "authenticity_token"=>"9HMUHAEeael1TwF9Ed25PDjUFEVQ6bsTQYIbzdFgG6SzGmaKo6tijcJXF9uw5aI1Zy5MpuKk07uNVMf/Zph49g==", "category"=>{"title"=>"Lamb"}, "commit"=>"Create Category"}
  [1m[35m (0.2ms)[0m  [1m[36mbegin transaction[0m
  [1m[35mSQL (0.7ms)[0m  [1m[32mINSERT INTO "categories" ("title", "created_at", "updated_at") VALUES (?, ?, ?)[0m  [["title", "Lamb"], ["created_at", "2018-08-17 01:15:56.597594"], ["updated_at", "2018-08-17 01:15:56.597594"]]
  [1m[35m (1.2ms)[0m  [1m[36mcommit transaction[0m
Redirected to http://127.0.0.1:3000/categories/2
Completed 302 Found in 7ms (ActiveRecord: 2.0ms)


Started GET "/categories/2" for 127.0.0.1 at 2018-08-16 21:15:56 -0400
Processing by CategoriesController#show as HTML
  Parameters: {"id"=>"2"}
  [1m[36mCategory Load (0.3ms)[0m  [1m[34mSELECT  "categories".* FROM "categories" WHERE "categories"."id" = ? LIMIT ?[0m  [["id", 2], ["LIMIT", 1]]
  Rendering categories/show.html.erb within layouts/application
  Rendered categories/show.html.erb within layouts/application (1.1ms)
Completed 200 OK in 91ms (Views: 83.7ms | ActiveRecord: 0.3ms)


Started GET "/categories" for 127.0.0.1 at 2018-08-16 21:15:58 -0400
Processing by CategoriesController#index as HTML
  Rendering categories/index.html.erb within layouts/application
  [1m[36mCategory Load (0.3ms)[0m  [1m[34mSELECT "categories".* FROM "categories"[0m
  Rendered categories/index.html.erb within layouts/application (4.8ms)
Completed 200 OK in 134ms (Views: 130.1ms | ActiveRecord: 0.3ms)


Started GET "/categories/new" for 127.0.0.1 at 2018-08-16 21:15:58 -0400
Processing by CategoriesController#new as HTML
  Rendering categories/new.html.erb within layouts/application
  Rendered categories/_form.html.erb (5.1ms)
  Rendered categories/new.html.erb within layouts/application (12.9ms)
Completed 200 OK in 148ms (Views: 144.6ms | ActiveRecord: 0.0ms)


Started POST "/categories" for 127.0.0.1 at 2018-08-16 21:16:02 -0400
Processing by CategoriesController#create as HTML
  Parameters: {"utf8"=>"✓", "authenticity_token"=>"repB1lmY0sRs+DTjDQYhMuOF9b7TR7ZgG7BnCUAT/cbqgzNA+y3ZoNvgIkWsPjo7vH+tXWEK3sjXZrs79+uelA==", "category"=>{"title"=>"Maple"}, "commit"=>"Create Category"}
  [1m[35m (0.1ms)[0m  [1m[36mbegin transaction[0m
  [1m[35mSQL (0.5ms)[0m  [1m[32mINSERT INTO "categories" ("title", "created_at", "updated_at") VALUES (?, ?, ?)[0m  [["title", "Maple"], ["created_at", "2018-08-17 01:16:02.150335"], ["updated_at", "2018-08-17 01:16:02.150335"]]
  [1m[35m (1.1ms)[0m  [1m[36mcommit transaction[0m
Redirected to http://127.0.0.1:3000/categories/3
Completed 302 Found in 7ms (ActiveRecord: 1.7ms)


Started GET "/categories/3" for 127.0.0.1 at 2018-08-16 21:16:02 -0400
Processing by CategoriesController#show as HTML
  Parameters: {"id"=>"3"}
  [1m[36mCategory Load (0.3ms)[0m  [1m[34mSELECT  "categories".* FROM "categories" WHERE "categories"."id" = ? LIMIT ?[0m  [["id", 3], ["LIMIT", 1]]
  Rendering categories/show.html.erb within layouts/application
  Rendered categories/show.html.erb within layouts/application (2.1ms)
Completed 200 OK in 90ms (Views: 82.9ms | ActiveRecord: 0.3ms)


Started GET "/categories" for 127.0.0.1 at 2018-08-16 21:16:03 -0400
Processing by CategoriesController#index as HTML
  Rendering categories/index.html.erb within layouts/application
  [1m[36mCategory Load (0.4ms)[0m  [1m[34mSELECT "categories".* FROM "categories"[0m
  Rendered categories/index.html.erb within layouts/application (4.3ms)
Completed 200 OK in 133ms (Views: 128.3ms | ActiveRecord: 0.4ms)


Started GET "/categories/new" for 127.0.0.1 at 2018-08-16 21:16:38 -0400
Processing by CategoriesController#new as HTML
  Rendering categories/new.html.erb within layouts/application
  Rendered categories/_form.html.erb (3.6ms)
  Rendered categories/new.html.erb within layouts/application (12.1ms)
Completed 200 OK in 155ms (Views: 150.3ms | ActiveRecord: 0.0ms)


Started POST "/categories" for 127.0.0.1 at 2018-08-16 21:16:42 -0400
Processing by CategoriesController#create as HTML
  Parameters: {"utf8"=>"✓", "authenticity_token"=>"M5MtAspt2V877oU78V/6sdnqVPWsBV2J4drI2ux4Axl0+l+UaNjSO4z2k51QZ+G4hhAMFh5INSEtDBToW4BgSw==", "category"=>{"title"=>"Wool"}, "commit"=>"Create Category"}
  [1m[35m (0.1ms)[0m  [1m[36mbegin transaction[0m
  [1m[35mSQL (0.6ms)[0m  [1m[32mINSERT INTO "categories" ("title", "created_at", "updated_at") VALUES (?, ?, ?)[0m  [["title", "Wool"], ["created_at", "2018-08-17 01:16:42.042929"], ["updated_at", "2018-08-17 01:16:42.042929"]]
  [1m[35m (1.3ms)[0m  [1m[36mcommit transaction[0m
Redirected to http://127.0.0.1:3000/categories/4
Completed 302 Found in 7ms (ActiveRecord: 2.0ms)


Started GET "/categories/4" for 127.0.0.1 at 2018-08-16 21:16:42 -0400
Processing by CategoriesController#show as HTML
  Parameters: {"id"=>"4"}
  [1m[36mCategory Load (0.2ms)[0m  [1m[34mSELECT  "categories".* FROM "categories" WHERE "categories"."id" = ? LIMIT ?[0m  [["id", 4], ["LIMIT", 1]]
  Rendering categories/show.html.erb within layouts/application
  Rendered categories/show.html.erb within layouts/application (0.8ms)
Completed 200 OK in 64ms (Views: 59.3ms | ActiveRecord: 0.2ms)


Started GET "/categories" for 127.0.0.1 at 2018-08-16 21:16:43 -0400
Processing by CategoriesController#index as HTML
  Rendering categories/index.html.erb within layouts/application
  [1m[36mCategory Load (0.3ms)[0m  [1m[34mSELECT "categories".* FROM "categories"[0m
  Rendered categories/index.html.erb within layouts/application (3.8ms)
Completed 200 OK in 114ms (Views: 108.6ms | ActiveRecord: 0.3ms)


  [1m[35m (0.5ms)[0m  [1m[34mSELECT "schema_migrations"."version" FROM "schema_migrations" ORDER BY "schema_migrations"."version" ASC[0m
Migrating to CreateSubcategories (20180817011709)
  [1m[35m (0.1ms)[0m  [1m[36mbegin transaction[0m
  [1m[35m (0.1ms)[0m  [1m[34mSELECT sqlite_version(*)[0m
  [1m[35m (0.5ms)[0m  [1m[35mCREATE TABLE "subcategories" ("id" INTEGER PRIMARY KEY AUTOINCREMENT NOT NULL, "title" varchar, "category_id" varchar, "created_at" datetime NOT NULL, "updated_at" datetime NOT NULL)[0m
  [1m[35mSQL (0.6ms)[0m  [1m[32mINSERT INTO "schema_migrations" ("version") VALUES (?)[0m  [["version", "20180817011709"]]
  [1m[35m (1.1ms)[0m  [1m[36mcommit transaction[0m
  [1m[36mActiveRecord::InternalMetadata Load (0.9ms)[0m  [1m[34mSELECT  "ar_internal_metadata".* FROM "ar_internal_metadata" WHERE "ar_internal_metadata"."key" = ? LIMIT ?[0m  [["key", "environment"], ["LIMIT", 1]]
  [1m[35m (0.1ms)[0m  [1m[36mbegin transaction[0m
  [1m[35m (0.0ms)[0m  [1m[36mcommit transaction[0m
  [1m[35m (0.1ms)[0m  [1m[34mSELECT "schema_migrations"."version" FROM "schema_migrations" ORDER BY "schema_migrations"."version" ASC[0m
Started GET "/categories" for 127.0.0.1 at 2018-08-16 21:18:36 -0400
  [1m[35m (0.1ms)[0m  [1m[34mSELECT "schema_migrations"."version" FROM "schema_migrations" ORDER BY "schema_migrations"."version" ASC[0m
Processing by CategoriesController#index as HTML
  Rendering categories/index.html.erb within layouts/application
  [1m[36mCategory Load (0.2ms)[0m  [1m[34mSELECT "categories".* FROM "categories"[0m
  Rendered categories/index.html.erb within layouts/application (12.4ms)
Completed 200 OK in 268ms (Views: 259.5ms | ActiveRecord: 1.1ms)


Started GET "/categories" for 127.0.0.1 at 2018-08-16 21:20:45 -0400
Processing by CategoriesController#index as HTML
  Rendering categories/index.html.erb within layouts/application
  [1m[36mCategory Load (0.3ms)[0m  [1m[34mSELECT "categories".* FROM "categories"[0m
  Rendered categories/index.html.erb within layouts/application (2.8ms)
Completed 200 OK in 92ms (Views: 88.0ms | ActiveRecord: 0.3ms)


Started GET "/categories" for 127.0.0.1 at 2018-08-16 21:29:32 -0400
Processing by CategoriesController#index as HTML
  Rendering categories/index.html.erb within layouts/application
  [1m[36mCategory Load (0.3ms)[0m  [1m[34mSELECT "categories".* FROM "categories"[0m
  Rendered categories/index.html.erb within layouts/application (2.7ms)
Completed 500 Internal Server Error in 99ms (ActiveRecord: 0.3ms)


  
ActionView::Template::Error (Missing partial categories/_header, application/_header with {:locale=>[:en], :formats=>[:html], :variants=>[], :handlers=>[:raw, :erb, :html, :builder, :ruby, :coffee, :jbuilder]}. Searched in:
  * "/Users/blkangl/Code/keyser/shepherdshutmarket/app/views"
):
    10: 
    11:   <body>
    12:     <div class="container-fluid">
    13:       <%= render 'header' %>
    14:       <%= yield %>
    15:     </div>
    16:   </body>
  
app/views/layouts/application.html.erb:13:in `_app_views_layouts_application_html_erb__1520147511873396128_70177117499780'
Started GET "/categories" for 127.0.0.1 at 2018-08-16 21:29:54 -0400
Processing by CategoriesController#index as HTML
  Rendering categories/index.html.erb within layouts/application
  [1m[36mCategory Load (0.3ms)[0m  [1m[34mSELECT "categories".* FROM "categories"[0m
  Rendered categories/index.html.erb within layouts/application (3.5ms)
Completed 500 Internal Server Error in 97ms (ActiveRecord: 0.3ms)


  
ActionView::Template::Error (Missing partial categories/_header.html, application/_header.html with {:locale=>[:en], :formats=>[:html], :variants=>[], :handlers=>[:raw, :erb, :html, :builder, :ruby, :coffee, :jbuilder]}. Searched in:
  * "/Users/blkangl/Code/keyser/shepherdshutmarket/app/views"
):
    10: 
    11:   <body>
    12:     <div class="container-fluid">
    13:       <%= render 'header.html' %>
    14:     </div>
    15:   </body>
    16: </html>
  
app/views/layouts/application.html.erb:13:in `_app_views_layouts_application_html_erb__1520147511873396128_70177140214060'
Started GET "/categories" for 127.0.0.1 at 2018-08-16 21:30:16 -0400
Processing by CategoriesController#index as HTML
  Rendering categories/index.html.erb within layouts/application
  [1m[36mCategory Load (0.2ms)[0m  [1m[34mSELECT "categories".* FROM "categories"[0m
  Rendered categories/index.html.erb within layouts/application (2.7ms)
Completed 500 Internal Server Error in 98ms (ActiveRecord: 0.2ms)


  
ActionView::Template::Error (Missing partial categories/_header.html.erb, application/_header.html.erb with {:locale=>[:en], :formats=>[:html], :variants=>[], :handlers=>[:raw, :erb, :html, :builder, :ruby, :coffee, :jbuilder]}. Searched in:
  * "/Users/blkangl/Code/keyser/shepherdshutmarket/app/views"
):
    10: 
    11:   <body>
    12:     <div class="container-fluid">
    13:       <%= render 'header.html.erb' %>
    14:     </div>
    15:   </body>
    16: </html>
  
app/views/layouts/application.html.erb:13:in `_app_views_layouts_application_html_erb__1520147511873396128_70177068241140'
Started GET "/categories" for 127.0.0.1 at 2018-08-16 21:30:37 -0400
Processing by CategoriesController#index as HTML
  Rendering categories/index.html.erb within layouts/application
  [1m[36mCategory Load (0.3ms)[0m  [1m[34mSELECT "categories".* FROM "categories"[0m
  Rendered categories/index.html.erb within layouts/application (3.9ms)
Completed 500 Internal Server Error in 122ms (ActiveRecord: 0.3ms)


  
ActionView::Template::Error (Missing partial layout/_header with {:locale=>[:en], :formats=>[:html], :variants=>[], :handlers=>[:raw, :erb, :html, :builder, :ruby, :coffee, :jbuilder]}. Searched in:
  * "/Users/blkangl/Code/keyser/shepherdshutmarket/app/views"
):
    10: 
    11:   <body>
    12:     <div class="container-fluid">
    13:       <%= render 'layout/header' %>
    14:     </div>
    15:   </body>
    16: </html>
  
app/views/layouts/application.html.erb:13:in `_app_views_layouts_application_html_erb__1520147511873396128_70177051101920'
Started GET "/categories" for 127.0.0.1 at 2018-08-16 21:30:52 -0400
Processing by CategoriesController#index as HTML
  Rendering categories/index.html.erb within layouts/application
  [1m[36mCategory Load (0.2ms)[0m  [1m[34mSELECT "categories".* FROM "categories"[0m
  Rendered categories/index.html.erb within layouts/application (3.0ms)
Completed 500 Internal Server Error in 91ms (ActiveRecord: 0.2ms)


  
ActionView::Template::Error (Missing partial layout/_header.html with {:locale=>[:en], :formats=>[:html], :variants=>[], :handlers=>[:raw, :erb, :html, :builder, :ruby, :coffee, :jbuilder]}. Searched in:
  * "/Users/blkangl/Code/keyser/shepherdshutmarket/app/views"
):
    10: 
    11:   <body>
    12:     <div class="container-fluid">
    13:       <%= render 'layout/header.html' %>
    14:     </div>
    15:   </body>
    16: </html>
  
app/views/layouts/application.html.erb:13:in `_app_views_layouts_application_html_erb__1520147511873396128_70177127589260'
Started GET "/categories" for 127.0.0.1 at 2018-08-16 21:31:02 -0400
Processing by CategoriesController#index as HTML
  Rendering categories/index.html.erb within layouts/application
  [1m[36mCategory Load (0.2ms)[0m  [1m[34mSELECT "categories".* FROM "categories"[0m
  Rendered categories/index.html.erb within layouts/application (2.7ms)
Completed 500 Internal Server Error in 95ms (ActiveRecord: 0.2ms)


  
ActionView::Template::Error (Missing partial layout/_header.html.erb with {:locale=>[:en], :formats=>[:html], :variants=>[], :handlers=>[:raw, :erb, :html, :builder, :ruby, :coffee, :jbuilder]}. Searched in:
  * "/Users/blkangl/Code/keyser/shepherdshutmarket/app/views"
):
    10: 
    11:   <body>
    12:     <div class="container-fluid">
    13:       <%= render 'layout/header.html.erb' %>
    14:     </div>
    15:   </body>
    16: </html>
  
app/views/layouts/application.html.erb:13:in `_app_views_layouts_application_html_erb__1520147511873396128_70177128168340'
Started GET "/categories" for 127.0.0.1 at 2018-08-16 21:31:23 -0400
Processing by CategoriesController#index as HTML
  Rendering categories/index.html.erb within layouts/application
  [1m[36mCategory Load (0.3ms)[0m  [1m[34mSELECT "categories".* FROM "categories"[0m
  Rendered categories/index.html.erb within layouts/application (2.7ms)
  Rendered layouts/_header.html.erb (0.6ms)
Completed 200 OK in 91ms (Views: 86.3ms | ActiveRecord: 0.3ms)


Started GET "/categories" for 127.0.0.1 at 2018-08-16 21:35:14 -0400
Processing by CategoriesController#index as HTML
  Rendering categories/index.html.erb within layouts/application
  [1m[36mCategory Load (0.3ms)[0m  [1m[34mSELECT "categories".* FROM "categories"[0m
  Rendered categories/index.html.erb within layouts/application (2.5ms)
  Rendered layouts/_header.html.erb (0.7ms)
Completed 200 OK in 95ms (Views: 91.4ms | ActiveRecord: 0.3ms)


Started GET "/categories" for 127.0.0.1 at 2018-08-16 21:40:42 -0400
Processing by CategoriesController#index as HTML
  Rendering categories/index.html.erb within layouts/application
  [1m[36mCategory Load (0.3ms)[0m  [1m[34mSELECT "categories".* FROM "categories"[0m
  Rendered categories/index.html.erb within layouts/application (3.3ms)
  Rendered layouts/_header.html.erb (0.6ms)
Completed 200 OK in 114ms (Views: 109.3ms | ActiveRecord: 0.3ms)


Started GET "/about.html" for 127.0.0.1 at 2018-08-16 21:40:47 -0400
  
ActionController::RoutingError (No route matches [GET] "/about.html"):
  
actionpack (5.1.6) lib/action_dispatch/middleware/debug_exceptions.rb:63:in `call'
web-console (3.6.2) lib/web_console/middleware.rb:135:in `call_app'
web-console (3.6.2) lib/web_console/middleware.rb:30:in `block in call'
web-console (3.6.2) lib/web_console/middleware.rb:20:in `catch'
web-console (3.6.2) lib/web_console/middleware.rb:20:in `call'
actionpack (5.1.6) lib/action_dispatch/middleware/show_exceptions.rb:31:in `call'
railties (5.1.6) lib/rails/rack/logger.rb:36:in `call_app'
railties (5.1.6) lib/rails/rack/logger.rb:24:in `block in call'
activesupport (5.1.6) lib/active_support/tagged_logging.rb:69:in `block in tagged'
activesupport (5.1.6) lib/active_support/tagged_logging.rb:26:in `tagged'
activesupport (5.1.6) lib/active_support/tagged_logging.rb:69:in `tagged'
railties (5.1.6) lib/rails/rack/logger.rb:24:in `call'
sprockets-rails (3.2.1) lib/sprockets/rails/quiet_assets.rb:13:in `call'
actionpack (5.1.6) lib/action_dispatch/middleware/remote_ip.rb:79:in `call'
actionpack (5.1.6) lib/action_dispatch/middleware/request_id.rb:25:in `call'
rack (2.0.5) lib/rack/method_override.rb:22:in `call'
rack (2.0.5) lib/rack/runtime.rb:22:in `call'
activesupport (5.1.6) lib/active_support/cache/strategy/local_cache_middleware.rb:27:in `call'
actionpack (5.1.6) lib/action_dispatch/middleware/executor.rb:12:in `call'
actionpack (5.1.6) lib/action_dispatch/middleware/static.rb:125:in `call'
rack (2.0.5) lib/rack/sendfile.rb:111:in `call'
railties (5.1.6) lib/rails/engine.rb:522:in `call'
puma (3.12.0) lib/puma/configuration.rb:225:in `call'
puma (3.12.0) lib/puma/server.rb:658:in `handle_request'
puma (3.12.0) lib/puma/server.rb:472:in `process_client'
puma (3.12.0) lib/puma/server.rb:332:in `block in run'
puma (3.12.0) lib/puma/thread_pool.rb:133:in `block in spawn_thread'
Started GET "/categories" for 127.0.0.1 at 2018-08-16 21:40:49 -0400
Processing by CategoriesController#index as HTML
  Rendering categories/index.html.erb within layouts/application
  [1m[36mCategory Load (1.1ms)[0m  [1m[34mSELECT "categories".* FROM "categories"[0m
  Rendered categories/index.html.erb within layouts/application (62.3ms)
  Rendered layouts/_header.html.erb (0.6ms)
Completed 200 OK in 450ms (Views: 421.5ms | ActiveRecord: 1.1ms)


Started GET "/maple/syrup.html" for 127.0.0.1 at 2018-08-16 21:40:51 -0400
  
ActionController::RoutingError (No route matches [GET] "/maple/syrup.html"):
  
actionpack (5.1.6) lib/action_dispatch/middleware/debug_exceptions.rb:63:in `call'
web-console (3.6.2) lib/web_console/middleware.rb:135:in `call_app'
web-console (3.6.2) lib/web_console/middleware.rb:30:in `block in call'
web-console (3.6.2) lib/web_console/middleware.rb:20:in `catch'
web-console (3.6.2) lib/web_console/middleware.rb:20:in `call'
actionpack (5.1.6) lib/action_dispatch/middleware/show_exceptions.rb:31:in `call'
railties (5.1.6) lib/rails/rack/logger.rb:36:in `call_app'
railties (5.1.6) lib/rails/rack/logger.rb:24:in `block in call'
activesupport (5.1.6) lib/active_support/tagged_logging.rb:69:in `block in tagged'
activesupport (5.1.6) lib/active_support/tagged_logging.rb:26:in `tagged'
activesupport (5.1.6) lib/active_support/tagged_logging.rb:69:in `tagged'
railties (5.1.6) lib/rails/rack/logger.rb:24:in `call'
sprockets-rails (3.2.1) lib/sprockets/rails/quiet_assets.rb:13:in `call'
actionpack (5.1.6) lib/action_dispatch/middleware/remote_ip.rb:79:in `call'
actionpack (5.1.6) lib/action_dispatch/middleware/request_id.rb:25:in `call'
rack (2.0.5) lib/rack/method_override.rb:22:in `call'
rack (2.0.5) lib/rack/runtime.rb:22:in `call'
activesupport (5.1.6) lib/active_support/cache/strategy/local_cache_middleware.rb:27:in `call'
actionpack (5.1.6) lib/action_dispatch/middleware/executor.rb:12:in `call'
actionpack (5.1.6) lib/action_dispatch/middleware/static.rb:125:in `call'
rack (2.0.5) lib/rack/sendfile.rb:111:in `call'
railties (5.1.6) lib/rails/engine.rb:522:in `call'
puma (3.12.0) lib/puma/configuration.rb:225:in `call'
puma (3.12.0) lib/puma/server.rb:658:in `handle_request'
puma (3.12.0) lib/puma/server.rb:472:in `process_client'
puma (3.12.0) lib/puma/server.rb:332:in `block in run'
puma (3.12.0) lib/puma/thread_pool.rb:133:in `block in spawn_thread'
Started GET "/categories" for 127.0.0.1 at 2018-08-16 21:40:53 -0400
Processing by CategoriesController#index as HTML
  Rendering categories/index.html.erb within layouts/application
  [1m[36mCategory Load (6.8ms)[0m  [1m[34mSELECT "categories".* FROM "categories"[0m
  Rendered categories/index.html.erb within layouts/application (50.4ms)
  Rendered layouts/_header.html.erb (0.6ms)
Completed 200 OK in 427ms (Views: 350.1ms | ActiveRecord: 6.8ms)


Started GET "/categories" for 127.0.0.1 at 2018-08-16 21:44:53 -0400
Processing by CategoriesController#index as HTML
  Rendering categories/index.html.erb within layouts/application
  [1m[36mCategory Load (0.3ms)[0m  [1m[34mSELECT "categories".* FROM "categories"[0m
  Rendered categories/index.html.erb within layouts/application (3.1ms)
  Rendered layouts/_header.html.erb (4.4ms)
Completed 500 Internal Server Error in 98ms (ActiveRecord: 0.3ms)


  
ActionView::Template::Error (undefined method `each' for nil:NilClass):
    33:         <ul>
    34:           <li>
    35:             <ul>
    36:               <% @subcategories.each do |s| %>
    37:                 <li><a href="<%= s.path %> rel=""><%= s.title %></a></li>
    38:               <% end %>
    39:             </ul>
  
app/views/layouts/_header.html.erb:36:in `_app_views_layouts__header_html_erb___2607092398328496839_70177114914320'
app/views/layouts/application.html.erb:59:in `_app_views_layouts_application_html_erb__1520147511873396128_70177122613660'
Started GET "/categories/4" for 127.0.0.1 at 2018-08-16 21:46:04 -0400
Processing by CategoriesController#show as HTML
  Parameters: {"id"=>"4"}
  [1m[36mCategory Load (0.3ms)[0m  [1m[34mSELECT  "categories".* FROM "categories" WHERE "categories"."id" = ? LIMIT ?[0m  [["id", 4], ["LIMIT", 1]]
Completed 500 Internal Server Error in 17ms (ActiveRecord: 1.4ms)


  
NameError (uninitialized constant CategoriesController::Subcategories):
  
app/controllers/categories_controller.rb:13:in `show'
Started GET "/categories/4" for 127.0.0.1 at 2018-08-16 21:46:56 -0400
Processing by CategoriesController#show as HTML
  Parameters: {"id"=>"4"}
  [1m[36mCategory Load (0.3ms)[0m  [1m[34mSELECT  "categories".* FROM "categories" WHERE "categories"."id" = ? LIMIT ?[0m  [["id", 4], ["LIMIT", 1]]
  Rendering categories/show.html.erb within layouts/application
  Rendered categories/show.html.erb within layouts/application (1.2ms)
  [1m[36mSubcategory Load (0.8ms)[0m  [1m[34mSELECT "subcategories".* FROM "subcategories" WHERE "subcategories"."category_id" = ?[0m  [["category_id", "4"]]
  Rendered layouts/_header.html.erb (3.2ms)
Completed 200 OK in 140ms (Views: 111.4ms | ActiveRecord: 2.9ms)


Started GET "/subcategories" for 127.0.0.1 at 2018-08-16 21:47:08 -0400
Processing by SubcategoriesController#index as HTML
  Rendering subcategories/index.html.erb within layouts/application
  [1m[36mSubcategory Load (0.3ms)[0m  [1m[34mSELECT "subcategories".* FROM "subcategories"[0m
  Rendered subcategories/index.html.erb within layouts/application (2.1ms)
  Rendered layouts/_header.html.erb (1.2ms)
Completed 200 OK in 98ms (Views: 93.4ms | ActiveRecord: 0.3ms)


Started GET "/subcategories/new" for 127.0.0.1 at 2018-08-16 21:47:10 -0400
Processing by SubcategoriesController#new as HTML
  Rendering subcategories/new.html.erb within layouts/application
  Rendered subcategories/_form.html.erb (8.4ms)
  Rendered subcategories/new.html.erb within layouts/application (19.3ms)
  Rendered layouts/_header.html.erb (6.5ms)
Completed 500 Internal Server Error in 149ms (ActiveRecord: 0.8ms)


  
ActionView::Template::Error (undefined method `each' for nil:NilClass):
    33:         <ul>
    34:           <li>
    35:             <ul>
    36:               <% @subcategories.each do |s| %>
    37:                 <li><a href="<%= s.path %> rel=""><%= s.title %></a></li>
    38:               <% end %>
    39:             </ul>
  
app/views/layouts/_header.html.erb:36:in `_app_views_layouts__header_html_erb___2607092398328496839_70177097137980'
app/views/layouts/application.html.erb:59:in `_app_views_layouts_application_html_erb__1520147511873396128_70177108642740'
Started GET "/subcategories" for 127.0.0.1 at 2018-08-16 21:47:17 -0400
Processing by SubcategoriesController#index as HTML
  Rendering subcategories/index.html.erb within layouts/application
  [1m[36mSubcategory Load (10.1ms)[0m  [1m[34mSELECT "subcategories".* FROM "subcategories"[0m
  Rendered subcategories/index.html.erb within layouts/application (28.2ms)
  Rendered layouts/_header.html.erb (1.2ms)
Completed 200 OK in 312ms (Views: 282.7ms | ActiveRecord: 10.1ms)


Started GET "/subcategories/new" for 127.0.0.1 at 2018-08-16 21:47:19 -0400
Processing by SubcategoriesController#new as HTML
  Rendering subcategories/new.html.erb within layouts/application
  Rendered subcategories/_form.html.erb (7.4ms)
  Rendered subcategories/new.html.erb within layouts/application (13.4ms)
  Rendered layouts/_header.html.erb (6.0ms)
Completed 500 Internal Server Error in 153ms (ActiveRecord: 0.0ms)


  
ActionView::Template::Error (undefined method `each' for nil:NilClass):
    33:         <ul>
    34:           <li>
    35:             <ul>
    36:               <% @subcategories.each do |s| %>
    37:                 <li><a href="<%= s.path %> rel=""><%= s.title %></a></li>
    38:               <% end %>
    39:             </ul>
  
app/views/layouts/_header.html.erb:36:in `_app_views_layouts__header_html_erb___2607092398328496839_70177119918700'
app/views/layouts/application.html.erb:59:in `_app_views_layouts_application_html_erb__1520147511873396128_70177051252240'
Started GET "/subcategories/new" for 127.0.0.1 at 2018-08-16 21:48:21 -0400
Processing by SubcategoriesController#new as HTML
  Rendering subcategories/new.html.erb within layouts/application
  Rendered subcategories/_form.html.erb (2.4ms)
  Rendered subcategories/new.html.erb within layouts/application (6.2ms)
  Rendered layouts/_header.html.erb (0.6ms)
Completed 200 OK in 90ms (Views: 87.1ms | ActiveRecord: 0.0ms)


Started POST "/subcategories" for 127.0.0.1 at 2018-08-16 21:48:42 -0400
Processing by SubcategoriesController#create as HTML
  Parameters: {"utf8"=>"✓", "authenticity_token"=>"I3+JlANHi45FnU0wAhC3JjM135/cV0JVsX1R3DRNQkdzDog4lwuGxtxiKmQTXDhXAfbJ63REjortyfsF95FxHQ==", "subcategory"=>{"title"=>"Roving", "category_id"=>"4"}, "commit"=>"Create Subcategory"}
  [1m[35m (0.1ms)[0m  [1m[36mbegin transaction[0m
  [1m[35mSQL (1.7ms)[0m  [1m[32mINSERT INTO "subcategories" ("title", "category_id", "created_at", "updated_at") VALUES (?, ?, ?, ?)[0m  [["title", "Roving"], ["category_id", "4"], ["created_at", "2018-08-17 01:48:42.778584"], ["updated_at", "2018-08-17 01:48:42.778584"]]
  [1m[35m (2.1ms)[0m  [1m[36mcommit transaction[0m
Redirected to http://127.0.0.1:3000/subcategories/1
Completed 302 Found in 11ms (ActiveRecord: 3.9ms)


Started GET "/subcategories/1" for 127.0.0.1 at 2018-08-16 21:48:42 -0400
Processing by SubcategoriesController#show as HTML
  Parameters: {"id"=>"1"}
  [1m[36mSubcategory Load (0.3ms)[0m  [1m[34mSELECT  "subcategories".* FROM "subcategories" WHERE "subcategories"."id" = ? LIMIT ?[0m  [["id", 1], ["LIMIT", 1]]
  Rendering subcategories/show.html.erb within layouts/application
  Rendered subcategories/show.html.erb within layouts/application (1.1ms)
  Rendered layouts/_header.html.erb (1.1ms)
Completed 200 OK in 101ms (Views: 94.0ms | ActiveRecord: 0.3ms)


Started GET "/subcategories" for 127.0.0.1 at 2018-08-16 21:48:45 -0400
Processing by SubcategoriesController#index as HTML
  Rendering subcategories/index.html.erb within layouts/application
  [1m[36mSubcategory Load (0.3ms)[0m  [1m[34mSELECT "subcategories".* FROM "subcategories"[0m
  Rendered subcategories/index.html.erb within layouts/application (3.0ms)
  Rendered layouts/_header.html.erb (11.8ms)
Completed 500 Internal Server Error in 132ms (ActiveRecord: 0.3ms)


  
ActionView::Template::Error (undefined method `path' for #<Subcategory:0x00007fa6c605b238>):
    35:             <li>
    36:               <ul>
    37:                 <% @subcategories.each do |s| %>
    38:                   <li><a href="<%= s.path %> rel=""><%= s.title %></a></li>
    39:                 <% end %>
    40:               </ul>
    41:             </li>
  
app/views/layouts/_header.html.erb:38:in `block in _app_views_layouts__header_html_erb___2607092398328496839_70177120341960'
app/views/layouts/_header.html.erb:37:in `_app_views_layouts__header_html_erb___2607092398328496839_70177120341960'
app/views/layouts/application.html.erb:59:in `_app_views_layouts_application_html_erb__1520147511873396128_70177136343440'
Started GET "/subcategories" for 127.0.0.1 at 2018-08-16 21:48:48 -0400
Processing by SubcategoriesController#index as HTML
  Rendering subcategories/index.html.erb within layouts/application
  [1m[36mSubcategory Load (0.2ms)[0m  [1m[34mSELECT "subcategories".* FROM "subcategories"[0m
  Rendered subcategories/index.html.erb within layouts/application (2.7ms)
  Rendered layouts/_header.html.erb (11.1ms)
Completed 500 Internal Server Error in 96ms (ActiveRecord: 0.2ms)


  
ActionView::Template::Error (undefined method `path' for #<Subcategory:0x00007fa6c3348278>):
    35:             <li>
    36:               <ul>
    37:                 <% @subcategories.each do |s| %>
    38:                   <li><a href="<%= s.path %> rel=""><%= s.title %></a></li>
    39:                 <% end %>
    40:               </ul>
    41:             </li>
  
app/views/layouts/_header.html.erb:38:in `block in _app_views_layouts__header_html_erb___2607092398328496839_70177116119500'
app/views/layouts/_header.html.erb:37:in `_app_views_layouts__header_html_erb___2607092398328496839_70177116119500'
app/views/layouts/application.html.erb:59:in `_app_views_layouts_application_html_erb__1520147511873396128_70177117319620'
  [1m[35m (0.2ms)[0m  [1m[34mSELECT "schema_migrations"."version" FROM "schema_migrations" ORDER BY "schema_migrations"."version" ASC[0m
  [1m[36mActiveRecord::InternalMetadata Load (1.2ms)[0m  [1m[34mSELECT  "ar_internal_metadata".* FROM "ar_internal_metadata" WHERE "ar_internal_metadata"."key" = ? LIMIT ?[0m  [["key", "environment"], ["LIMIT", 1]]
  [1m[35m (0.1ms)[0m  [1m[36mbegin transaction[0m
  [1m[35m (0.1ms)[0m  [1m[36mcommit transaction[0m
  [1m[35m (0.1ms)[0m  [1m[34mSELECT "schema_migrations"."version" FROM "schema_migrations" ORDER BY "schema_migrations"."version" ASC[0m
Started GET "/subcategories" for 127.0.0.1 at 2018-08-16 21:50:06 -0400
  [1m[35m (0.2ms)[0m  [1m[34mSELECT "schema_migrations"."version" FROM "schema_migrations" ORDER BY "schema_migrations"."version" ASC[0m
Processing by SubcategoriesController#index as HTML
  Rendering subcategories/index.html.erb within layouts/application
  [1m[36mSubcategory Load (0.4ms)[0m  [1m[34mSELECT "subcategories".* FROM "subcategories"[0m
  Rendered subcategories/index.html.erb within layouts/application (9.2ms)
  Rendered layouts/_header.html.erb (6.1ms)
Completed 500 Internal Server Error in 103ms (ActiveRecord: 1.1ms)


  
ActionView::Template::Error (undefined method `path' for #<Subcategory:0x00007fa6bc4898a0>):
    35:             <li>
    36:               <ul>
    37:                 <% @subcategories.each do |s| %>
    38:                   <li><a href="<%= s.path %> rel=""><%= s.title %></a></li>
    39:                 <% end %>
    40:               </ul>
    41:             </li>
  
app/views/layouts/_header.html.erb:38:in `block in _app_views_layouts__header_html_erb___2607092398328496839_70177107337160'
app/views/layouts/_header.html.erb:37:in `_app_views_layouts__header_html_erb___2607092398328496839_70177107337160'
app/views/layouts/application.html.erb:59:in `_app_views_layouts_application_html_erb__1520147511873396128_70177056995260'
Started GET "/subcategories" for 127.0.0.1 at 2018-08-16 21:50:58 -0400
Processing by SubcategoriesController#index as HTML
  Rendering subcategories/index.html.erb within layouts/application
  [1m[36mSubcategory Load (0.4ms)[0m  [1m[34mSELECT "subcategories".* FROM "subcategories"[0m
  Rendered subcategories/index.html.erb within layouts/application (2.8ms)
  Rendered layouts/_header.html.erb (8.0ms)
Completed 500 Internal Server Error in 99ms (ActiveRecord: 0.4ms)


  
ActionView::Template::Error (undefined method `path' for #<Subcategory:0x00007fa6c3575708>):
    35:             <li>
    36:               <ul>
    37:                 <% @subcategories.each do |s| %>
    38:                   <li><a href="<%= s.path unless s.path.nil? %> rel=""><%= s.title %></a></li>
    39:                 <% end %>
    40:               </ul>
    41:             </li>
  
app/views/layouts/_header.html.erb:38:in `block in _app_views_layouts__header_html_erb___2607092398328496839_70177129624740'
app/views/layouts/_header.html.erb:37:in `_app_views_layouts__header_html_erb___2607092398328496839_70177129624740'
app/views/layouts/application.html.erb:59:in `_app_views_layouts_application_html_erb__1520147511873396128_70177121969080'
  [1m[35m (0.2ms)[0m  [1m[34mSELECT "schema_migrations"."version" FROM "schema_migrations" ORDER BY "schema_migrations"."version" ASC[0m
Migrating to AddPathToSubcategories (20180817015145)
  [1m[35m (0.1ms)[0m  [1m[36mbegin transaction[0m
  [1m[35mSQL (0.5ms)[0m  [1m[32mINSERT INTO "schema_migrations" ("version") VALUES (?)[0m  [["version", "20180817015145"]]
  [1m[35m (1.2ms)[0m  [1m[36mcommit transaction[0m
  [1m[36mActiveRecord::InternalMetadata Load (0.8ms)[0m  [1m[34mSELECT  "ar_internal_metadata".* FROM "ar_internal_metadata" WHERE "ar_internal_metadata"."key" = ? LIMIT ?[0m  [["key", "environment"], ["LIMIT", 1]]
  [1m[35m (0.1ms)[0m  [1m[36mbegin transaction[0m
  [1m[35m (0.1ms)[0m  [1m[36mcommit transaction[0m
  [1m[35m (0.1ms)[0m  [1m[34mSELECT "schema_migrations"."version" FROM "schema_migrations" ORDER BY "schema_migrations"."version" ASC[0m
Started GET "/subcategories" for 127.0.0.1 at 2018-08-16 21:51:57 -0400
  [1m[35m (0.2ms)[0m  [1m[34mSELECT "schema_migrations"."version" FROM "schema_migrations" ORDER BY "schema_migrations"."version" ASC[0m
Processing by SubcategoriesController#index as HTML
  Rendering subcategories/index.html.erb within layouts/application
  [1m[36mSubcategory Load (0.4ms)[0m  [1m[34mSELECT "subcategories".* FROM "subcategories"[0m
  Rendered subcategories/index.html.erb within layouts/application (21.3ms)
  Rendered layouts/_header.html.erb (11.8ms)
Completed 500 Internal Server Error in 154ms (ActiveRecord: 1.6ms)


  
ActionView::Template::Error (undefined method `path' for #<Subcategory:0x00007fa6c582c8a0>):
    35:             <li>
    36:               <ul>
    37:                 <% @subcategories.each do |s| %>
    38:                   <li><a href="<%= s.path unless s.path.nil? %> rel=""><%= s.title %></a></li>
    39:                 <% end %>
    40:               </ul>
    41:             </li>
  
app/views/layouts/_header.html.erb:38:in `block in _app_views_layouts__header_html_erb___2607092398328496839_70177097265340'
app/views/layouts/_header.html.erb:37:in `_app_views_layouts__header_html_erb___2607092398328496839_70177097265340'
app/views/layouts/application.html.erb:59:in `_app_views_layouts_application_html_erb__1520147511873396128_70177108875680'
  [1m[35m (0.2ms)[0m  [1m[34mSELECT "schema_migrations"."version" FROM "schema_migrations" ORDER BY "schema_migrations"."version" ASC[0m
Migrating to AddPathToSubcategories (20180817015341)
  [1m[35m (0.1ms)[0m  [1m[36mbegin transaction[0m
  [1m[35m (0.6ms)[0m  [1m[35mALTER TABLE "subcategories" ADD "path" varchar[0m
  [1m[35mSQL (0.2ms)[0m  [1m[32mINSERT INTO "schema_migrations" ("version") VALUES (?)[0m  [["version", "20180817015341"]]
  [1m[35m (2.6ms)[0m  [1m[36mcommit transaction[0m
  [1m[36mActiveRecord::InternalMetadata Load (0.7ms)[0m  [1m[34mSELECT  "ar_internal_metadata".* FROM "ar_internal_metadata" WHERE "ar_internal_metadata"."key" = ? LIMIT ?[0m  [["key", "environment"], ["LIMIT", 1]]
  [1m[35m (0.1ms)[0m  [1m[36mbegin transaction[0m
  [1m[35m (0.0ms)[0m  [1m[36mcommit transaction[0m
  [1m[35m (0.2ms)[0m  [1m[34mSELECT "schema_migrations"."version" FROM "schema_migrations" ORDER BY "schema_migrations"."version" ASC[0m
Started GET "/subcategories" for 127.0.0.1 at 2018-08-16 21:53:52 -0400
  [1m[35m (0.4ms)[0m  [1m[34mSELECT "schema_migrations"."version" FROM "schema_migrations" ORDER BY "schema_migrations"."version" ASC[0m
Processing by SubcategoriesController#index as HTML
  Rendering subcategories/index.html.erb within layouts/application
  [1m[36mSubcategory Load (0.2ms)[0m  [1m[34mSELECT "subcategories".* FROM "subcategories"[0m
  Rendered subcategories/index.html.erb within layouts/application (20.1ms)
  Rendered layouts/_header.html.erb (1.0ms)
Completed 200 OK in 151ms (Views: 141.1ms | ActiveRecord: 1.7ms)


Started GET "/subcategories/1/edit" for 127.0.0.1 at 2018-08-16 21:54:24 -0400
Processing by SubcategoriesController#edit as HTML
  Parameters: {"id"=>"1"}
  [1m[36mSubcategory Load (0.2ms)[0m  [1m[34mSELECT  "subcategories".* FROM "subcategories" WHERE "subcategories"."id" = ? LIMIT ?[0m  [["id", 1], ["LIMIT", 1]]
  Rendering subcategories/edit.html.erb within layouts/application
  Rendered subcategories/_form.html.erb (5.4ms)
  Rendered subcategories/edit.html.erb within layouts/application (10.7ms)
  Rendered layouts/_header.html.erb (1.4ms)
Completed 200 OK in 194ms (Views: 188.5ms | ActiveRecord: 0.2ms)


Started PATCH "/subcategories/1" for 127.0.0.1 at 2018-08-16 21:54:31 -0400
Processing by SubcategoriesController#update as HTML
  Parameters: {"utf8"=>"✓", "authenticity_token"=>"Y1QFv39V1ZnX9bUmtTv+DWj6rGAE6iFBvYmeUSB4k+TvHmZ4tTbqc/jRANpKmrtpxpR2OfPhT81K6/LRvazDNg==", "subcategory"=>{"title"=>"Roving", "path"=>"/wool/roving", "category_id"=>"4"}, "commit"=>"Update Subcategory", "id"=>"1"}
  [1m[36mSubcategory Load (0.2ms)[0m  [1m[34mSELECT  "subcategories".* FROM "subcategories" WHERE "subcategories"."id" = ? LIMIT ?[0m  [["id", 1], ["LIMIT", 1]]
  [1m[35m (0.2ms)[0m  [1m[36mbegin transaction[0m
  [1m[35mSQL (0.7ms)[0m  [1m[33mUPDATE "subcategories" SET "path" = ?, "updated_at" = ? WHERE "subcategories"."id" = ?[0m  [["path", "/wool/roving"], ["updated_at", "2018-08-17 01:54:31.209756"], ["id", 1]]
  [1m[35m (0.9ms)[0m  [1m[36mcommit transaction[0m
Redirected to http://127.0.0.1:3000/subcategories/1
Completed 302 Found in 11ms (ActiveRecord: 2.0ms)


Started GET "/subcategories/1" for 127.0.0.1 at 2018-08-16 21:54:31 -0400
Processing by SubcategoriesController#show as HTML
  Parameters: {"id"=>"1"}
  [1m[36mSubcategory Load (0.3ms)[0m  [1m[34mSELECT  "subcategories".* FROM "subcategories" WHERE "subcategories"."id" = ? LIMIT ?[0m  [["id", 1], ["LIMIT", 1]]
  Rendering subcategories/show.html.erb within layouts/application
  Rendered subcategories/show.html.erb within layouts/application (1.5ms)
  Rendered layouts/_header.html.erb (1.2ms)
Completed 200 OK in 115ms (Views: 105.9ms | ActiveRecord: 0.3ms)


Started GET "/subcategories" for 127.0.0.1 at 2018-08-16 21:54:33 -0400
Processing by SubcategoriesController#index as HTML
  Rendering subcategories/index.html.erb within layouts/application
  [1m[36mSubcategory Load (0.6ms)[0m  [1m[34mSELECT "subcategories".* FROM "subcategories"[0m
  Rendered subcategories/index.html.erb within layouts/application (3.0ms)
  Rendered layouts/_header.html.erb (1.1ms)
Completed 200 OK in 187ms (Views: 183.2ms | ActiveRecord: 0.6ms)


Started GET "/subcategories" for 127.0.0.1 at 2018-08-16 21:56:17 -0400
Processing by SubcategoriesController#index as HTML
  Rendering subcategories/index.html.erb within layouts/application
  Rendered subcategories/index.html.erb within layouts/application (1.3ms)
Completed 500 Internal Server Error in 12ms (ActiveRecord: 0.0ms)


  
SyntaxError (/Users/blkangl/Code/keyser/shepherdshutmarket/app/views/subcategories/index.html.erb:20: syntax error, unexpected tLABEL, expecting ')'
...tegory_path(subcategory) class: "btn btn-warning" );@output_...
...                               ^):
  
app/views/subcategories/index.html.erb:20: syntax error, unexpected tLABEL, expecting ')'
Started GET "/subcategories" for 127.0.0.1 at 2018-08-16 21:56:34 -0400
Processing by SubcategoriesController#index as HTML
  Rendering subcategories/index.html.erb within layouts/application
  [1m[36mSubcategory Load (0.2ms)[0m  [1m[34mSELECT "subcategories".* FROM "subcategories"[0m
  Rendered subcategories/index.html.erb within layouts/application (2.2ms)
  Rendered layouts/_header.html.erb (1.3ms)
Completed 200 OK in 100ms (Views: 96.5ms | ActiveRecord: 0.2ms)


Started GET "/subcategories/new" for 127.0.0.1 at 2018-08-16 21:56:38 -0400
Processing by SubcategoriesController#new as HTML
  Rendering subcategories/new.html.erb within layouts/application
  Rendered subcategories/_form.html.erb (5.4ms)
  Rendered subcategories/new.html.erb within layouts/application (11.5ms)
  Rendered layouts/_header.html.erb (1.5ms)
Completed 200 OK in 160ms (Views: 154.6ms | ActiveRecord: 0.0ms)


Started POST "/subcategories" for 127.0.0.1 at 2018-08-16 21:56:50 -0400
Processing by SubcategoriesController#create as HTML
  Parameters: {"utf8"=>"✓", "authenticity_token"=>"ybAso2h0qD/HIgwxHTtl5xZV30+dvOOHa7eHXFCnJDTWyfmfp9XXOVm4Goy9JZullhI2ROzlBv6XYkoH0tu+wA==", "subcategory"=>{"title"=>"Yarn", "path"=>"/wool/yarn", "category_id"=>"4"}, "commit"=>"Create Subcategory"}
  [1m[35m (0.1ms)[0m  [1m[36mbegin transaction[0m
  [1m[35mSQL (1.4ms)[0m  [1m[32mINSERT INTO "subcategories" ("title", "category_id", "created_at", "updated_at", "path") VALUES (?, ?, ?, ?, ?)[0m  [["title", "Yarn"], ["category_id", "4"], ["created_at", "2018-08-17 01:56:50.088647"], ["updated_at", "2018-08-17 01:56:50.088647"], ["path", "/wool/yarn"]]
  [1m[35m (2.7ms)[0m  [1m[36mcommit transaction[0m
Redirected to http://127.0.0.1:3000/subcategories/2
Completed 302 Found in 12ms (ActiveRecord: 4.2ms)


Started GET "/subcategories/2" for 127.0.0.1 at 2018-08-16 21:56:50 -0400
Processing by SubcategoriesController#show as HTML
  Parameters: {"id"=>"2"}
  [1m[36mSubcategory Load (0.2ms)[0m  [1m[34mSELECT  "subcategories".* FROM "subcategories" WHERE "subcategories"."id" = ? LIMIT ?[0m  [["id", 2], ["LIMIT", 1]]
  Rendering subcategories/show.html.erb within layouts/application
  Rendered subcategories/show.html.erb within layouts/application (3.2ms)
  Rendered layouts/_header.html.erb (1.3ms)
Completed 200 OK in 112ms (Views: 106.9ms | ActiveRecord: 0.2ms)


Started GET "/subcategories" for 127.0.0.1 at 2018-08-16 21:56:52 -0400
Processing by SubcategoriesController#index as HTML
  Rendering subcategories/index.html.erb within layouts/application
  [1m[36mSubcategory Load (0.3ms)[0m  [1m[34mSELECT "subcategories".* FROM "subcategories"[0m
  Rendered subcategories/index.html.erb within layouts/application (6.5ms)
  Rendered layouts/_header.html.erb (1.5ms)
Completed 200 OK in 127ms (Views: 121.7ms | ActiveRecord: 0.3ms)


Started GET "/subcategories" for 127.0.0.1 at 2018-08-16 21:58:04 -0400
Processing by SubcategoriesController#index as HTML
  Rendering subcategories/index.html.erb within layouts/application
  [1m[36mSubcategory Load (1.6ms)[0m  [1m[34mSELECT "subcategories".* FROM "subcategories"[0m
  Rendered subcategories/index.html.erb within layouts/application (4.6ms)
  Rendered layouts/_header.html.erb (1.3ms)
Completed 200 OK in 121ms (Views: 114.5ms | ActiveRecord: 1.6ms)


Started GET "/subcategories" for 127.0.0.1 at 2018-08-16 21:58:12 -0400
Processing by SubcategoriesController#index as HTML
  Rendering subcategories/index.html.erb within layouts/application
  [1m[36mSubcategory Load (0.2ms)[0m  [1m[34mSELECT "subcategories".* FROM "subcategories"[0m
  Rendered subcategories/index.html.erb within layouts/application (2.3ms)
  Rendered layouts/_header.html.erb (1.6ms)
Completed 200 OK in 101ms (Views: 96.8ms | ActiveRecord: 0.2ms)


Started GET "/subcategories" for 127.0.0.1 at 2018-08-16 21:59:31 -0400
Processing by SubcategoriesController#index as HTML
  Rendering subcategories/index.html.erb within layouts/application
  [1m[36mSubcategory Load (0.3ms)[0m  [1m[34mSELECT "subcategories".* FROM "subcategories"[0m
  Rendered subcategories/index.html.erb within layouts/application (4.2ms)
  Rendered layouts/_header.html.erb (0.9ms)
Completed 200 OK in 140ms (Views: 135.7ms | ActiveRecord: 0.3ms)


Started GET "/subcategories" for 127.0.0.1 at 2018-08-16 22:01:07 -0400
Processing by SubcategoriesController#index as HTML
  Rendering subcategories/index.html.erb within layouts/application
  [1m[36mSubcategory Load (0.3ms)[0m  [1m[34mSELECT "subcategories".* FROM "subcategories"[0m
  Rendered subcategories/index.html.erb within layouts/application (2.6ms)
  Rendered layouts/_header.html.erb (1.0ms)
Completed 200 OK in 104ms (Views: 101.3ms | ActiveRecord: 0.3ms)


Started GET "/subcategories" for 127.0.0.1 at 2018-08-16 22:01:22 -0400
Processing by SubcategoriesController#index as HTML
  Rendering subcategories/index.html.erb within layouts/application
  [1m[36mSubcategory Load (0.2ms)[0m  [1m[34mSELECT "subcategories".* FROM "subcategories"[0m
  Rendered subcategories/index.html.erb within layouts/application (2.6ms)
  Rendered layouts/_header.html.erb (1.2ms)
Completed 200 OK in 92ms (Views: 88.1ms | ActiveRecord: 0.2ms)


Started GET "/subcategories" for 127.0.0.1 at 2018-08-16 22:01:33 -0400
Processing by SubcategoriesController#index as HTML
  Rendering subcategories/index.html.erb within layouts/application
  [1m[36mSubcategory Load (0.2ms)[0m  [1m[34mSELECT "subcategories".* FROM "subcategories"[0m
  Rendered subcategories/index.html.erb within layouts/application (2.4ms)
  Rendered layouts/_header.html.erb (1.4ms)
Completed 200 OK in 125ms (Views: 121.9ms | ActiveRecord: 0.2ms)


Started GET "/wool/roving" for 127.0.0.1 at 2018-08-16 22:02:18 -0400
  
ActionController::RoutingError (No route matches [GET] "/wool/roving"):
  
actionpack (5.1.6) lib/action_dispatch/middleware/debug_exceptions.rb:63:in `call'
web-console (3.6.2) lib/web_console/middleware.rb:135:in `call_app'
web-console (3.6.2) lib/web_console/middleware.rb:30:in `block in call'
web-console (3.6.2) lib/web_console/middleware.rb:20:in `catch'
web-console (3.6.2) lib/web_console/middleware.rb:20:in `call'
actionpack (5.1.6) lib/action_dispatch/middleware/show_exceptions.rb:31:in `call'
railties (5.1.6) lib/rails/rack/logger.rb:36:in `call_app'
railties (5.1.6) lib/rails/rack/logger.rb:24:in `block in call'
activesupport (5.1.6) lib/active_support/tagged_logging.rb:69:in `block in tagged'
activesupport (5.1.6) lib/active_support/tagged_logging.rb:26:in `tagged'
activesupport (5.1.6) lib/active_support/tagged_logging.rb:69:in `tagged'
railties (5.1.6) lib/rails/rack/logger.rb:24:in `call'
sprockets-rails (3.2.1) lib/sprockets/rails/quiet_assets.rb:13:in `call'
actionpack (5.1.6) lib/action_dispatch/middleware/remote_ip.rb:79:in `call'
actionpack (5.1.6) lib/action_dispatch/middleware/request_id.rb:25:in `call'
rack (2.0.5) lib/rack/method_override.rb:22:in `call'
rack (2.0.5) lib/rack/runtime.rb:22:in `call'
activesupport (5.1.6) lib/active_support/cache/strategy/local_cache_middleware.rb:27:in `call'
actionpack (5.1.6) lib/action_dispatch/middleware/executor.rb:12:in `call'
actionpack (5.1.6) lib/action_dispatch/middleware/static.rb:125:in `call'
rack (2.0.5) lib/rack/sendfile.rb:111:in `call'
railties (5.1.6) lib/rails/engine.rb:522:in `call'
puma (3.12.0) lib/puma/configuration.rb:225:in `call'
puma (3.12.0) lib/puma/server.rb:658:in `handle_request'
puma (3.12.0) lib/puma/server.rb:472:in `process_client'
puma (3.12.0) lib/puma/server.rb:332:in `block in run'
puma (3.12.0) lib/puma/thread_pool.rb:133:in `block in spawn_thread'
Started GET "/subcategories" for 127.0.0.1 at 2018-08-16 22:02:20 -0400
Processing by SubcategoriesController#index as HTML
  Rendering subcategories/index.html.erb within layouts/application
  [1m[36mSubcategory Load (1.4ms)[0m  [1m[34mSELECT "subcategories".* FROM "subcategories"[0m
  Rendered subcategories/index.html.erb within layouts/application (52.3ms)
  Rendered layouts/_header.html.erb (1.1ms)
Completed 200 OK in 416ms (Views: 285.9ms | ActiveRecord: 1.4ms)


Started GET "/subcategories" for 127.0.0.1 at 2018-08-16 22:04:32 -0400
Processing by SubcategoriesController#index as HTML
  Rendering subcategories/index.html.erb within layouts/application
  [1m[36mSubcategory Load (0.3ms)[0m  [1m[34mSELECT "subcategories".* FROM "subcategories"[0m
  Rendered subcategories/index.html.erb within layouts/application (2.6ms)
  [1m[35m (0.2ms)[0m  [1m[34mSELECT COUNT(*) FROM "subcategories"[0m
  [1m[35mCACHE  (0.1ms)[0m  [1m[34mSELECT COUNT(*) FROM "subcategories"[0m
  Rendered layouts/_header.html.erb (3.2ms)
Completed 200 OK in 116ms (Views: 111.7ms | ActiveRecord: 0.6ms)


Started GET "/subcategories" for 127.0.0.1 at 2018-08-16 22:08:30 -0400
Processing by SubcategoriesController#index as HTML
  Rendering subcategories/index.html.erb within layouts/application
  [1m[36mSubcategory Load (0.2ms)[0m  [1m[34mSELECT "subcategories".* FROM "subcategories"[0m
  Rendered subcategories/index.html.erb within layouts/application (3.2ms)
  [1m[35m (0.3ms)[0m  [1m[34mSELECT COUNT(*) FROM "subcategories"[0m
  [1m[35mCACHE  (0.0ms)[0m  [1m[34mSELECT COUNT(*) FROM "subcategories"[0m
  Rendered layouts/_header.html.erb (3.7ms)
Completed 200 OK in 298ms (Views: 293.0ms | ActiveRecord: 0.6ms)


Started GET "/subcategories" for 127.0.0.1 at 2018-08-16 22:09:50 -0400
Processing by SubcategoriesController#index as HTML
  Rendering subcategories/index.html.erb within layouts/application
  [1m[36mSubcategory Load (0.3ms)[0m  [1m[34mSELECT "subcategories".* FROM "subcategories"[0m
  Rendered subcategories/index.html.erb within layouts/application (3.0ms)
  [1m[35m (0.2ms)[0m  [1m[34mSELECT COUNT(*) FROM "subcategories"[0m
  [1m[35mCACHE  (0.0ms)[0m  [1m[34mSELECT COUNT(*) FROM "subcategories"[0m
  Rendered layouts/_header.html.erb (2.9ms)
Completed 200 OK in 121ms (Views: 116.2ms | ActiveRecord: 0.5ms)


Started GET "/subcategories" for 127.0.0.1 at 2018-08-16 22:11:22 -0400
Processing by SubcategoriesController#index as HTML
  Rendering subcategories/index.html.erb within layouts/application
  [1m[36mSubcategory Load (0.8ms)[0m  [1m[34mSELECT "subcategories".* FROM "subcategories"[0m
  Rendered subcategories/index.html.erb within layouts/application (5.2ms)
  Rendered layouts/_header.html.erb (1.3ms)
Completed 200 OK in 128ms (Views: 120.3ms | ActiveRecord: 0.8ms)


Started GET "/subcategories" for 127.0.0.1 at 2018-08-16 22:11:36 -0400
  [1m[35m (0.2ms)[0m  [1m[34mSELECT "schema_migrations"."version" FROM "schema_migrations" ORDER BY "schema_migrations"."version" ASC[0m
Processing by SubcategoriesController#index as HTML
  Rendering subcategories/index.html.erb within layouts/application
  [1m[36mSubcategory Load (0.3ms)[0m  [1m[34mSELECT "subcategories".* FROM "subcategories"[0m
  Rendered subcategories/index.html.erb within layouts/application (19.1ms)
  Rendered layouts/_header.html.erb (1.5ms)
Completed 200 OK in 651ms (Views: 612.4ms | ActiveRecord: 1.0ms)


Started GET "/subcategories" for 127.0.0.1 at 2018-08-16 22:17:05 -0400
Processing by SubcategoriesController#index as HTML
  Rendering subcategories/index.html.erb within layouts/application
  [1m[36mSubcategory Load (0.5ms)[0m  [1m[34mSELECT "subcategories".* FROM "subcategories"[0m
  Rendered subcategories/index.html.erb within layouts/application (24.7ms)
  Rendered layouts/_header.html.erb (2.0ms)
Completed 200 OK in 324ms (Views: 307.1ms | ActiveRecord: 1.4ms)


Started GET "/subcategories" for 127.0.0.1 at 2018-08-16 22:17:09 -0400
Processing by SubcategoriesController#index as HTML
  Rendering subcategories/index.html.erb within layouts/application
  [1m[36mSubcategory Load (1.6ms)[0m  [1m[34mSELECT "subcategories".* FROM "subcategories"[0m
  Rendered subcategories/index.html.erb within layouts/application (6.9ms)
  Rendered layouts/_header.html.erb (1.9ms)
Completed 200 OK in 119ms (Views: 114.2ms | ActiveRecord: 1.6ms)


Started GET "/subcategories" for 127.0.0.1 at 2018-08-16 22:17:42 -0400
Processing by SubcategoriesController#index as HTML
  Rendering subcategories/index.html.erb within layouts/application
  [1m[36mSubcategory Load (0.2ms)[0m  [1m[34mSELECT "subcategories".* FROM "subcategories"[0m
  Rendered subcategories/index.html.erb within layouts/application (2.6ms)
  Rendered layouts/_header.html.erb (0.9ms)
Completed 200 OK in 114ms (Views: 107.6ms | ActiveRecord: 0.2ms)


